<?xml version="1.0" encoding="utf-8"?><testsuites><testsuite name="pytest" errors="0" failures="0" skipped="0" tests="6" time="39.890" timestamp="2022-01-21T11:20:29.131212" hostname="BUH-CerneiD1"><testcase classname="tests.sports_car.body.test_body.BodyTests" name="test_can_navigate_to_body_page" time="11.214" /><testcase classname="tests.sports_car.body.test_body.BodyTests" name="test_bumper" time="0.002" /><testcase classname="tests.sports_car.differential.test_differential" name="test_differential_functions_as_expected" time="0.002" /><testcase classname="tests.sports_car.engine.test_engine" name="test_can_navigate_to_engine_page" time="10.795" /><testcase classname="tests.sports_car.entertainment.test_entertainment" name="test_can_navigate_to_entertainment" time="8.808" /><testcase classname="tests.sports_car.gearbox.test_gearbox" name="test_gearbox_functions_as_expected" time="0.002" /></testsuite></testsuites>